<?xml version="1.0" encoding="UTF-8"?>
<testng-results ignored="0" total="1" passed="1" failed="0" skipped="0">
  <reporter-output>
  </reporter-output>
  <suite started-at="2026-08-11T09:47:09 IST" name="Default suite" finished-at="2026-08-11T09:48:27 IST" duration-ms="77926">
    <groups>
    </groups>
    <test started-at="2026-08-11T09:47:09 IST" name="Default test" finished-at="2026-08-11T09:48:27 IST" duration-ms="77926">
      <class name="com.FrameworkTest.Example.ConcreteVolumeTest">
        <test-method is-config="true" signature="setupSuite()[pri:0, instance:com.FrameworkTest.Example.ConcreteVolumeTest@4f49f6af]" started-at="2026-08-11T09:47:08 IST" name="setupSuite" finished-at="2026-08-11T09:47:09 IST" duration-ms="773" status="PASS">
          <reporter-output>
          </reporter-output>
        </test-method> <!-- setupSuite -->
        <test-method is-config="true" signature="setupBrowser()[pri:0, instance:com.FrameworkTest.Example.ConcreteVolumeTest@4f49f6af]" started-at="2026-08-11T09:47:09 IST" name="setupBrowser" finished-at="2026-08-11T09:48:02 IST" duration-ms="52395" status="PASS">
          <reporter-output>
          </reporter-output>
        </test-method> <!-- setupBrowser -->
        <test-method signature="calculateConcreteVolume()[pri:0, instance:com.FrameworkTest.Example.ConcreteVolumeTest@4f49f6af]" started-at="2026-08-11T09:48:02 IST" name="calculateConcreteVolume" finished-at="2026-08-11T09:48:27 IST" duration-ms="25051" status="PASS">
          <reporter-output>
          </reporter-output>
        </test-method> <!-- calculateConcreteVolume -->
        <test-method is-config="true" signature="captureFailure(org.testng.ITestResult)[pri:0, instance:com.FrameworkTest.Example.ConcreteVolumeTest@4f49f6af]" started-at="2026-08-11T09:48:27 IST" name="captureFailure" finished-at="2026-08-11T09:48:27 IST" duration-ms="8" status="PASS">
          <params>
            <param index="0">
              <value>
                <![CDATA[[TestResult name=calculateConcreteVolume status=SUCCESS method=ConcreteVolumeTest.calculateConcreteVolume()[pri:0, instance:com.FrameworkTest.Example.ConcreteVolumeTest@4f49f6af] output={null}]]]>
              </value>
            </param>
          </params>
          <reporter-output>
          </reporter-output>
        </test-method> <!-- captureFailure -->
        <test-method is-config="true" signature="tearDown()[pri:0, instance:com.FrameworkTest.Example.ConcreteVolumeTest@4f49f6af]" started-at="2026-08-11T09:48:27 IST" name="tearDown" finished-at="2026-08-11T09:48:27 IST" duration-ms="215" status="PASS">
          <reporter-output>
          </reporter-output>
        </test-method> <!-- tearDown -->
        <test-method is-config="true" signature="tearDown()[pri:0, instance:com.FrameworkTest.Example.ConcreteVolumeTest@4f49f6af]" started-at="2026-08-11T09:48:27 IST" name="tearDown" finished-at="2026-08-11T09:48:27 IST" duration-ms="1" status="PASS">
          <reporter-output>
          </reporter-output>
        </test-method> <!-- tearDown -->
      </class> <!-- com.FrameworkTest.Example.ConcreteVolumeTest -->
    </test> <!-- Default test -->
  </suite> <!-- Default suite -->
</testng-results>
