<?xml version="1.0" encoding="UTF-8"?>
<testng-results ignored="0" total="1" passed="1" failed="0" skipped="0">
  <reporter-output>
  </reporter-output>
  <suite started-at="2026-07-29T09:55:01 IST" name="Default suite" finished-at="2026-07-29T09:56:45 IST" duration-ms="104161">
    <groups>
    </groups>
    <test started-at="2026-07-29T09:55:01 IST" name="Default test" finished-at="2026-07-29T09:56:45 IST" duration-ms="104161">
      <class name="testcases.LoginPracticeExpandTest">
        <test-method is-config="true" signature="setup()[pri:0, instance:testcases.LoginPracticeExpandTest@311bf055]" started-at="2026-07-29T09:55:01 IST" name="setup" finished-at="2026-07-29T09:56:04 IST" duration-ms="63429" status="PASS">
          <reporter-output>
          </reporter-output>
        </test-method> <!-- setup -->
        <test-method signature="openNetflixHomePage()[pri:0, instance:testcases.LoginPracticeExpandTest@311bf055]" started-at="2026-07-29T09:56:04 IST" name="openNetflixHomePage" finished-at="2026-07-29T09:56:28 IST" duration-ms="23210" status="PASS">
          <reporter-output>
          </reporter-output>
        </test-method> <!-- openNetflixHomePage -->
        <test-method is-config="true" signature="tearDown()[pri:0, instance:testcases.LoginPracticeExpandTest@311bf055]" started-at="2026-07-29T09:56:28 IST" name="tearDown" finished-at="2026-07-29T09:56:45 IST" duration-ms="17162" status="PASS">
          <reporter-output>
          </reporter-output>
        </test-method> <!-- tearDown -->
      </class> <!-- testcases.LoginPracticeExpandTest -->
    </test> <!-- Default test -->
  </suite> <!-- Default suite -->
</testng-results>
